<?xml version="1.0" encoding="utf-8"?><testsuites name="pytest tests"><testsuite name="pytest" errors="0" failures="0" skipped="0" tests="30" time="11.602" timestamp="2026-05-22T16:31:49.949057+00:00" hostname="agent-env-d682c466-61aa-4a6f-9e7a-07f472c3c9ce"><testcase classname="backend.tests.test_iteration3_financials.TestTemplates" name="test_template_download[sales]" time="2.028" /><testcase classname="backend.tests.test_iteration3_financials.TestTemplates" name="test_template_download[bank]" time="0.145" /><testcase classname="backend.tests.test_iteration3_financials.TestTemplates" name="test_template_download[repayment]" time="0.107" /><testcase classname="backend.tests.test_iteration3_financials.TestTemplates" name="test_template_download[balance_sheet]" time="0.081" /><testcase classname="backend.tests.test_iteration3_financials.TestTemplates" name="test_template_download[pnl]" time="0.077" /><testcase classname="backend.tests.test_iteration3_financials.TestTemplates" name="test_template_download[borrowers_bulk]" time="0.078" /><testcase classname="backend.tests.test_iteration3_financials.TestTemplates" name="test_template_balance_sheet_columns" time="0.083" /><testcase classname="backend.tests.test_iteration3_financials.TestTemplates" name="test_template_pnl_columns" time="0.074" /><testcase classname="backend.tests.test_iteration3_financials.TestTemplates" name="test_template_unknown_returns_404" time="0.083" /><testcase classname="backend.tests.test_iteration3_financials.TestTemplates" name="test_template_requires_auth" time="0.070" /><testcase classname="backend.tests.test_iteration3_financials.TestFinancialsEndpoint" name="test_get_financials_seeded" time="0.245" /><testcase classname="backend.tests.test_iteration3_financials.TestFinancialsEndpoint" name="test_ratios_contain_all_10" time="0.083" /><testcase classname="backend.tests.test_iteration3_financials.TestFinancialsEndpoint" name="test_financials_unknown_borrower" time="0.076" /><testcase classname="backend.tests.test_iteration3_financials.TestSeedFinancials" name="test_seed_financials_idempotent" time="0.171" /><testcase classname="backend.tests.test_iteration3_financials.TestUploadBSAndPnL" name="test_upload_balance_sheet" time="0.387" /><testcase classname="backend.tests.test_iteration3_financials.TestUploadBSAndPnL" name="test_upload_pnl" time="0.084" /><testcase classname="backend.tests.test_iteration3_financials.TestUploadBSAndPnL" name="test_financials_after_upload" time="0.072" /><testcase classname="backend.tests.test_iteration3_financials.TestUploadBSAndPnL" name="test_ratio_based_risk_factors_added" time="0.165" /><testcase classname="backend.tests.test_iteration3_financials.TestUploadBSAndPnL" name="test_upload_invalid_file_type" time="0.070" /><testcase classname="backend.tests.test_iteration3_financials.TestUploadBSAndPnL" name="test_upload_bs_rm_role_forbidden" time="0.366" /><testcase classname="backend.tests.test_iteration3_financials.TestRecoveryCopilot" name="test_copilot_history_empty_or_list" time="0.221" /><testcase classname="backend.tests.test_iteration3_financials.TestRecoveryCopilot" name="test_copilot_post_message" time="6.025" /><testcase classname="backend.tests.test_iteration3_financials.TestRecoveryCopilot" name="test_copilot_history_persisted" time="0.072" /><testcase classname="backend.tests.test_iteration3_financials.TestRecoveryCopilot" name="test_copilot_nonexistent_case" time="0.073" /><testcase classname="backend.tests.test_iteration3_financials.TestRegression" name="test_auth_me" time="0.072" /><testcase classname="backend.tests.test_iteration3_financials.TestRegression" name="test_list_borrowers" time="0.087" /><testcase classname="backend.tests.test_iteration3_financials.TestRegression" name="test_portfolio_overview" time="0.137" /><testcase classname="backend.tests.test_iteration3_financials.TestRegression" name="test_audit_log" time="0.098" /><testcase classname="backend.tests.test_iteration3_financials.TestRegression" name="test_alerts_list" time="0.106" /><testcase classname="backend.tests.test_iteration3_financials.TestRegression" name="test_upload_sales_regression" time="0.086" /></testsuite></testsuites>