<?xml version="1.0" encoding="utf-8"?><testsuites name="pytest tests"><testsuite name="pytest" errors="0" failures="0" skipped="1" tests="55" time="12.464" timestamp="2026-05-21T18:17:33.018155+00:00" hostname="agent-env-d682c466-61aa-4a6f-9e7a-07f472c3c9ce"><testcase classname="backend.tests.backend_test.TestHealth" name="test_root" time="0.262" /><testcase classname="backend.tests.backend_test.TestAuth" name="test_signup_duplicate_returns_400" time="0.373" /><testcase classname="backend.tests.backend_test.TestAuth" name="test_login_admin" time="0.293" /><testcase classname="backend.tests.backend_test.TestAuth" name="test_login_invalid" time="0.291" /><testcase classname="backend.tests.backend_test.TestAuth" name="test_me" time="0.071" /><testcase classname="backend.tests.backend_test.TestAuth" name="test_me_unauthenticated" time="0.072" /><testcase classname="backend.tests.backend_test.TestSeed" name="test_seed_idempotent" time="0.145" /><testcase classname="backend.tests.backend_test.TestBorrowersList" name="test_list_default" time="0.072" /><testcase classname="backend.tests.backend_test.TestBorrowersList" name="test_list_search" time="0.140" /><testcase classname="backend.tests.backend_test.TestBorrowersList" name="test_list_sector_filter" time="0.073" /><testcase classname="backend.tests.backend_test.TestBorrowersList" name="test_list_risk_filter" time="0.076" /><testcase classname="backend.tests.backend_test.TestBorrowersList" name="test_list_sort_desc" time="0.070" /><testcase classname="backend.tests.backend_test.TestBorrowersList" name="test_list_pagination" time="0.071" /><testcase classname="backend.tests.backend_test.TestBorrowerCRUD" name="test_create_as_admin" time="0.168" /><testcase classname="backend.tests.backend_test.TestBorrowerCRUD" name="test_create_rm_forbidden" time="0.435" /><testcase classname="backend.tests.backend_test.TestBorrowerCRUD" name="test_details_full_shape" time="0.160" /><testcase classname="backend.tests.backend_test.TestBorrowerCRUD" name="test_recompute" time="0.154" /><testcase classname="backend.tests.backend_test.TestBorrowerCRUD" name="test_delete_rm_forbidden" time="0.070" /><testcase classname="backend.tests.backend_test.TestBorrowerCRUD" name="test_delete_as_admin" time="0.141" /><testcase classname="backend.tests.backend_test.TestUpload" name="test_upload_sales_csv" time="0.251" /><testcase classname="backend.tests.backend_test.TestUpload" name="test_upload_rm_forbidden" time="0.145" /><testcase classname="backend.tests.backend_test.TestNotes" name="test_create_and_list_notes" time="0.568" /><testcase classname="backend.tests.backend_test.TestNotes" name="test_note_rm_forbidden" time="0.140" /><testcase classname="backend.tests.backend_test.TestChat" name="test_chat_and_history" time="3.701" /><testcase classname="backend.tests.backend_test.TestReports" name="test_pdf" time="0.153" /><testcase classname="backend.tests.backend_test.TestReports" name="test_docx" time="0.197" /><testcase classname="backend.tests.backend_test.TestPortfolio" name="test_overview" time="0.071" /><testcase classname="backend.tests.backend_test.TestPortfolio" name="test_analytics" time="0.072" /><testcase classname="backend.tests.backend_test.TestAlerts" name="test_list_and_mark_read" time="0.236" /><testcase classname="backend.tests.backend_test.TestBulkImport" name="test_bulk_import_csv_success" time="0.218" /><testcase classname="backend.tests.backend_test.TestBulkImport" name="test_bulk_import_missing_columns" time="0.067" /><testcase classname="backend.tests.backend_test.TestBulkImport" name="test_bulk_import_rm_forbidden" time="0.069" /><testcase classname="backend.tests.backend_test.TestBulkImport" name="test_bulk_import_with_row_errors" time="0.143" /><testcase classname="backend.tests.backend_test.TestRecovery" name="test_list_recovery_returns_items_and_stats" time="0.070" /><testcase classname="backend.tests.backend_test.TestRecovery" name="test_list_recovery_status_filter" time="0.071" /><testcase classname="backend.tests.backend_test.TestRecovery" name="test_list_recovery_assigned_to_me" time="0.070" /><testcase classname="backend.tests.backend_test.TestRecovery" name="test_create_recovery_case_manual" time="0.142" /><testcase classname="backend.tests.backend_test.TestRecovery" name="test_create_recovery_duplicate_returns_400" time="0.068" /><testcase classname="backend.tests.backend_test.TestRecovery" name="test_create_recovery_rm_allowed" time="0.158" /><testcase classname="backend.tests.backend_test.TestRecovery" name="test_get_recovery_case_shape" time="0.072" /><testcase classname="backend.tests.backend_test.TestRecovery" name="test_patch_recovery_status_creates_timeline" time="0.138" /><testcase classname="backend.tests.backend_test.TestRecovery" name="test_patch_recovery_next_action_and_deadline" time="0.147" /><testcase classname="backend.tests.backend_test.TestRecovery" name="test_patch_recovery_resolved_sets_resolved_at" time="0.087" /><testcase classname="backend.tests.backend_test.TestRecovery" name="test_post_timeline_event" time="0.162" /><testcase classname="backend.tests.backend_test.TestRecovery" name="test_post_timeline_contact_type" time="0.069" /><testcase classname="backend.tests.backend_test.TestRecovery" name="test_recovery_get_404" time="0.068" /><testcase classname="backend.tests.backend_test.TestRecovery" name="test_zz_cleanup_recovery_borrower" time="0.074" /><testcase classname="backend.tests.backend_test.TestAuditLog" name="test_audit_requires_admin" time="0.073" /><testcase classname="backend.tests.backend_test.TestAuditLog" name="test_audit_analyst_forbidden" time="0.066" /><testcase classname="backend.tests.backend_test.TestAuditLog" name="test_audit_unauthenticated" time="0.069" /><testcase classname="backend.tests.backend_test.TestAuditLog" name="test_audit_admin_list" time="0.072" /><testcase classname="backend.tests.backend_test.TestAuditLog" name="test_audit_filter_by_resource" time="0.359" /><testcase classname="backend.tests.backend_test.TestAuditLog" name="test_audit_recovery_logged" time="0.294" /><testcase classname="backend.tests.backend_test.TestAutoRecoveryOnCritical" name="test_auto_recovery_no_duplicate_on_existing_critical" time="0.287" /><testcase classname="backend.tests.backend_test.TestAutoRecoveryOnCritical" name="test_auto_recovery_case_created_on_critical" time="0.526"><skipped type="pytest.skip" message="Did not reach critical category (got high, score 73.0); auto-create only fires on critical">/app/backend/tests/backend_test.py:792: Did not reach critical category (got high, score 73.0); auto-create only fires on critical</skipped></testcase></testsuite></testsuites>